#
# There is insufficient memory for the Java Runtime Environment to continue.
# Native memory allocation (malloc) failed to allocate 1048576 bytes for AllocateHeap
# Possible reasons:
#   The system is out of physical RAM or swap space
#   The process is running with CompressedOops enabled, and the Java Heap may be blocking the growth of the native heap
# Possible solutions:
#   Reduce memory load on the system
#   Increase physical memory or swap space
#   Check if swap backing store is full
#   Decrease Java heap size (-Xmx/-Xms)
#   Decrease number of Java threads
#   Decrease Java thread stack sizes (-Xss)
#   Set larger code cache with -XX:ReservedCodeCacheSize=
#   JVM is running with Unscaled Compressed Oops mode in which the Java heap is
#     placed in the first 4GB address space. The Java Heap base address is the
#     maximum limit for the native heap growth. Please use -XX:HeapBaseMinAddress
#     to set the Java Heap base and to place the Java Heap above 4GB virtual address.
# This output file may be truncated or incomplete.
#
#  Out of Memory Error (memory/allocation.inline.hpp:61), pid=12528, tid=0x0000000000003778
#
# JRE version:  (8.0_202-b08) (build )
# Java VM: Java HotSpot(TM) 64-Bit Server VM (25.202-b08 mixed mode windows-amd64 compressed oops)
# Failed to write core dump. Minidumps are not enabled by default on client versions of Windows
#

---------------  T H R E A D  ---------------

Current thread (0x00000000025ee000):  JavaThread "Unknown thread" [_thread_in_vm, id=14200, stack(0x00000000025f0000,0x00000000026f0000)]

Stack: [0x00000000025f0000,0x00000000026f0000]
[error occurred during error reporting (printing stack bounds), id 0xc0000005]

Native frames: (J=compiled Java code, j=interpreted, Vv=VM code, C=native code)


---------------  P R O C E S S  ---------------

Java Threads: ( => current thread )

Other Threads:

=>0x00000000025ee000 (exited) JavaThread "Unknown thread" [_thread_in_vm, id=14200, stack(0x00000000025f0000,0x00000000026f0000)]

VM state:not at safepoint (normal execution)

VM Mutex/Monitor currently owned by a thread: None

heap address: 0x0000000081800000, size: 2024 MB, Compressed Oops mode: 32-bit
Narrow klass base: 0x0000000000000000, Narrow klass shift: 3
Compressed class space size: 1073741824 Address: 0x0000000100000000

Heap:
 PSYoungGen      total 38400K, used 665K [0x00000000d5d80000, 0x00000000d8800000, 0x0000000100000000)
  eden space 33280K, 2% used [0x00000000d5d80000,0x00000000d5e26670,0x00000000d7e00000)
  from space 5120K, 0% used [0x00000000d8300000,0x00000000d8300000,0x00000000d8800000)
  to   space 5120K, 0% used [0x00000000d7e00000,0x00000000d7e00000,0x00000000d8300000)
 ParOldGen       total 87552K, used 0K [0x0000000081800000, 0x0000000086d80000, 0x00000000d5d80000)
  object space 87552K, 0% used [0x0000000081800000,0x0000000081800000,0x0000000086d80000)
 Metaspace       used 751K, capacity 4480K, committed 4480K, reserved 1056768K
  class space    used 76K, capacity 384K, committed 384K, reserved 1048576K

Card table byte_map: [0x0000000011bb0000,0x0000000011fb0000] byte_map_base: 0x00000000117a4000

Marking Bits: (ParMarkBitMap*) 0x00000000582d5ce0
 Begin Bits: [0x0000000012660000, 0x0000000014600000)
 End Bits:   [0x0000000014600000, 0x00000000165a0000)

Polling page: 0x0000000000c10000

CodeCache: size=245760Kb used=328Kb max_used=328Kb free=245431Kb
 bounds [0x00000000027f0000, 0x0000000002a60000, 0x00000000117f0000]
 total_blobs=58 nmethods=0 adapters=38
 compilation: enabled

Compilation events (0 events):
No events

GC Heap History (0 events):
No events

Deoptimization events (0 events):
No events

Classes redefined (0 events):
No events

Internal exceptions (0 events):
No events

Events (10 events):
Event: 0.035 loading class java/lang/Short
Event: 0.035 loading class java/lang/Short done
Event: 0.035 loading class java/lang/Integer
Event: 0.035 loading class java/lang/Integer done
Event: 0.035 loading class java/lang/Long
Event: 0.036 loading class java/lang/Long done
Event: 0.038 loading class java/lang/NullPointerException
Event: 0.038 loading class java/lang/NullPointerException done
Event: 0.038 loading class java/lang/ArithmeticException
Event: 0.038 loading class java/lang/ArithmeticException done


Dynamic libraries:
0x00007ff7ca910000 - 0x00007ff7ca947000 	C:\Program Files\Java\jre1.8.0_202\bin\javaw.exe
0x00007ffc9bca0000 - 0x00007ffc9be90000 	C:\Windows\SYSTEM32\ntdll.dll
0x00007ffc9ab10000 - 0x00007ffc9abc2000 	C:\Windows\System32\KERNEL32.DLL
0x00007ffc994a0000 - 0x00007ffc99743000 	C:\Windows\System32\KERNELBASE.dll
0x00007ffc9ac00000 - 0x00007ffc9aca3000 	C:\Windows\System32\ADVAPI32.dll
0x00007ffc99e70000 - 0x00007ffc99f0e000 	C:\Windows\System32\msvcrt.dll
0x00007ffc9a500000 - 0x00007ffc9a597000 	C:\Windows\System32\sechost.dll
0x00007ffc9a840000 - 0x00007ffc9a960000 	C:\Windows\System32\RPCRT4.dll
0x00007ffc9a6a0000 - 0x00007ffc9a834000 	C:\Windows\System32\USER32.dll
0x00007ffc99ba0000 - 0x00007ffc99bc1000 	C:\Windows\System32\win32u.dll
0x00007ffc9abd0000 - 0x00007ffc9abf6000 	C:\Windows\System32\GDI32.dll
0x00007ffc99750000 - 0x00007ffc998e4000 	C:\Windows\System32\gdi32full.dll
0x00007ffc98c30000 - 0x00007ffc98cce000 	C:\Windows\System32\msvcp_win.dll
0x00007ffc99aa0000 - 0x00007ffc99b9a000 	C:\Windows\System32\ucrtbase.dll
0x00007ffc89330000 - 0x00007ffc895b5000 	C:\Windows\WinSxS\amd64_microsoft.windows.common-controls_6595b64144ccf1df_6.0.18362.535_none_e6c3b34713100821\COMCTL32.dll
0x00007ffc9a1c0000 - 0x00007ffc9a4f6000 	C:\Windows\System32\combase.dll
0x00007ffc99cd0000 - 0x00007ffc99d50000 	C:\Windows\System32\bcryptPrimitives.dll
0x00007ffc9a670000 - 0x00007ffc9a69e000 	C:\Windows\System32\IMM32.DLL
0x0000000058750000 - 0x0000000058822000 	C:\Program Files\Java\jre1.8.0_202\bin\msvcr100.dll
0x0000000057ab0000 - 0x0000000058355000 	C:\Program Files\Java\jre1.8.0_202\bin\server\jvm.dll
0x00007ffc9ab00000 - 0x00007ffc9ab08000 	C:\Windows\System32\PSAPI.DLL
0x00007ffc96690000 - 0x00007ffc966b4000 	C:\Windows\SYSTEM32\WINMM.dll
0x00007ffc8e820000 - 0x00007ffc8e82a000 	C:\Windows\SYSTEM32\VERSION.dll
0x00007ffc96660000 - 0x00007ffc9668d000 	C:\Windows\SYSTEM32\WINMMBASE.dll
0x00007ffc99450000 - 0x00007ffc9949a000 	C:\Windows\System32\cfgmgr32.dll
0x00007ffc953e0000 - 0x00007ffc953e9000 	C:\Windows\SYSTEM32\WSOCK32.dll
0x00007ffc9aa90000 - 0x00007ffc9aaff000 	C:\Windows\System32\WS2_32.dll
0x00007ffc953d0000 - 0x00007ffc953df000 	C:\Program Files\Java\jre1.8.0_202\bin\verify.dll
0x00007ffc92ae0000 - 0x00007ffc92b09000 	C:\Program Files\Java\jre1.8.0_202\bin\java.dll
0x00007ffc94230000 - 0x00007ffc94246000 	C:\Program Files\Java\jre1.8.0_202\bin\zip.dll

VM Arguments:
jvm_args: -Dfile.encoding=Cp1252 
java_command: controller.PlacementMain
java_class_path (initial): C:\Users\Karthik\Desktop\FinalProject\Placement_Management_System\bin;C:\Users\Karthik\Desktop\FinalProject\Placement_Management_System\lib\mysql-connector-java-5.1.14-bin.jar
Launcher Type: SUN_STANDARD

Environment Variables:
PATH=C:/Program Files/Java/jre1.8.0_202/bin/server;C:/Program Files/Java/jre1.8.0_202/bin;C:/Program Files/Java/jre1.8.0_202/lib/amd64;C:\Program Files (x86)\Common Files\Oracle\Java\javapath;C:\Windows\system32;C:\Windows;C:\Windows\System32\Wbem;C:\Windows\System32\WindowsPowerShell\v1.0\;C:\Windows\System32\OpenSSH\;C:\Program Files\nodejs\;C:\Program Files\Git\cmd;C:\Program Files\Git\mingw64\bin;C:\Program Files\Git\usr\bin;C:\Program Files (x86)\Microsoft SQL Server\150\DTS\Binn\;C:\Program Files\Microsoft SQL Server\Client SDK\ODBC\110\Tools\Binn\;C:\Program Files (x86)\Microsoft SQL Server\120\Tools\Binn\;C:\Program Files\Microsoft SQL Server\120\Tools\Binn\;C:\Program Files\Microsoft SQL Server\120\DTS\Binn\;C:\Users\Karthik\AppData\Local\Programs\Python\Python38-32\Scripts\;C:\Users\Karthik\AppData\Local\Programs\Python\Python38-32\;C:\Users\Karthik\AppData\Local\Microsoft\WindowsApps;C:\Users\Karthik\AppData\Roaming\npm;C:\Users\Karthik\AppData\Local\Programs\Microsoft VS Code\bin;C:\Windows\system32;
USERNAME=Karthik
OS=Windows_NT
PROCESSOR_IDENTIFIER=Intel64 Family 6 Model 61 Stepping 4, GenuineIntel



---------------  S Y S T E M  ---------------

OS: Windows 10.0 , 64 bit Build 18362 (10.0.18362.329)

CPU:total 4 (initial active 4) (2 cores per cpu, 2 threads per core) family 6 model 61 stepping 4, cmov, cx8, fxsr, mmx, sse, sse2, sse3, ssse3, sse4.1, sse4.2, popcnt, avx, avx2, aes, clmul, erms, 3dnowpref, lzcnt, ht, tsc, tscinvbit, bmi1, bmi2, adx

Memory: 4k page, physical 8288672k(1854384k free), swap 9559040k(5424k free)

vm_info: Java HotSpot(TM) 64-Bit Server VM (25.202-b08) for windows-amd64 JRE (1.8.0_202-b08), built on Dec 15 2018 19:54:30 by "java_re" with MS VC++ 10.0 (VS2010)

time: Fri Dec 13 08:34:18 2019
timezone: Pacific Standard Time
elapsed time: 0 seconds (0d 0h 0m 0s)

